---Time: Wed Sep 10 06:59:06 AM UTC 2025 ---
MEMORY USAGE:
Used: 231MB, Free: 736MB
CPU USAGE: 
CPU Used: 0%, Idle: 100.00%
DISK USAGE:
Used: 5.4G, Free: 5.4G
TOP 5 PROCESSES BY MEMORY:
    PID COMMAND         %CPU %MEM
    679 snapd            0.0  1.8
   3578 fwupd            0.1  1.3
    431 multipathd       0.0  1.3
    734 unattended-upgr  0.0  1.0
   1586 packagekitd      0.0  1.0
NET:
2: enp0s3: <BROADCAST,MULTICAST,UP,LOWER_UP> mtu 1500 qdisc fq_codel state UP mode DEFAULT group default qlen 1000
---Time: Wed Sep 10 07:04:07 AM UTC 2025 ---
MEMORY USAGE:
Used: 231MB, Free: 736MB
CPU USAGE: 
CPU Used: 0%, Idle: 100.00%
DISK USAGE:
Used: 5.4G, Free: 5.4G
TOP 5 PROCESSES BY MEMORY:
    PID COMMAND         %CPU %MEM
    679 snapd            0.0  1.8
   3578 fwupd            0.1  1.3
    431 multipathd       0.0  1.3
    734 unattended-upgr  0.0  1.0
   1586 packagekitd      0.0  1.0
NET:
2: enp0s3: <BROADCAST,MULTICAST,UP,LOWER_UP> mtu 1500 qdisc fq_codel state UP mode DEFAULT group default qlen 1000
---Time: Wed Sep 10 07:09:08 AM UTC 2025 ---
MEMORY USAGE:
Used: 231MB, Free: 736MB
CPU USAGE: 
CPU Used: 0.52%, Idle: 99.48%
DISK USAGE:
Used: 5.4G, Free: 5.4G
TOP 5 PROCESSES BY MEMORY:
    PID COMMAND         %CPU %MEM
    679 snapd            0.0  1.8
   3578 fwupd            0.1  1.3
    431 multipathd       0.0  1.3
    734 unattended-upgr  0.0  1.0
   1586 packagekitd      0.0  1.0
NET:
2: enp0s3: <BROADCAST,MULTICAST,UP,LOWER_UP> mtu 1500 qdisc fq_codel state UP mode DEFAULT group default qlen 1000
---Time: Wed Sep 10 07:14:09 AM UTC 2025 ---
MEMORY USAGE:
Used: 231MB, Free: 736MB
CPU USAGE: 
CPU Used: 0%, Idle: 100.00%
DISK USAGE:
Used: 5.4G, Free: 5.4G
TOP 5 PROCESSES BY MEMORY:
    PID COMMAND         %CPU %MEM
    679 snapd            0.0  1.8
   3578 fwupd            0.0  1.3
    431 multipathd       0.0  1.3
    734 unattended-upgr  0.0  1.0
   1586 packagekitd      0.0  1.0
NET:
2: enp0s3: <BROADCAST,MULTICAST,UP,LOWER_UP> mtu 1500 qdisc fq_codel state UP mode DEFAULT group default qlen 1000
---Time: Wed Sep 10 07:19:10 AM UTC 2025 ---
MEMORY USAGE:
Used: 231MB, Free: 736MB
CPU USAGE: 
CPU Used: 0%, Idle: 100.00%
DISK USAGE:
Used: 5.4G, Free: 5.4G
TOP 5 PROCESSES BY MEMORY:
    PID COMMAND         %CPU %MEM
    679 snapd            0.0  1.8
   3578 fwupd            0.0  1.3
    431 multipathd       0.0  1.3
    734 unattended-upgr  0.0  1.0
   1586 packagekitd      0.0  1.0
NET:
2: enp0s3: <BROADCAST,MULTICAST,UP,LOWER_UP> mtu 1500 qdisc fq_codel state UP mode DEFAULT group default qlen 1000
---Time: Wed Sep 10 07:24:12 AM UTC 2025 ---
MEMORY USAGE:
Used: 231MB, Free: 736MB
CPU USAGE: 
CPU Used: 0%, Idle: 100.00%
DISK USAGE:
Used: 5.4G, Free: 5.4G
TOP 5 PROCESSES BY MEMORY:
    PID COMMAND         %CPU %MEM
    679 snapd            0.0  1.8
   3578 fwupd            0.0  1.3
    431 multipathd       0.0  1.3
    734 unattended-upgr  0.0  1.0
   1586 packagekitd      0.0  1.0
NET:
2: enp0s3: <BROADCAST,MULTICAST,UP,LOWER_UP> mtu 1500 qdisc fq_codel state UP mode DEFAULT group default qlen 1000
---Time: Wed Sep 10 07:29:13 AM UTC 2025 ---
MEMORY USAGE:
Used: 232MB, Free: 735MB
CPU USAGE: 
CPU Used: 0.51%, Idle: 99.49%
DISK USAGE:
Used: 5.4G, Free: 5.4G
TOP 5 PROCESSES BY MEMORY:
    PID COMMAND         %CPU %MEM
    679 snapd            0.0  1.8
   3578 fwupd            0.0  1.3
    431 multipathd       0.0  1.3
    734 unattended-upgr  0.0  1.0
   1586 packagekitd      0.0  1.0
NET:
2: enp0s3: <BROADCAST,MULTICAST,UP,LOWER_UP> mtu 1500 qdisc fq_codel state UP mode DEFAULT group default qlen 1000
